Fri Jun 26 12:21:16 UTC 2020
/home/jsevans/git/UsenetTutorials/build/.adoc/everything.xml:12245: parser error : PCDATA invalid Char value 27
9
^
/home/jsevans/git/UsenetTutorials/build/.adoc/everything.xml:12247: parser error : PCDATA invalid Char value 27
9     January 13, 1983             - ii -                      RFC #822
^
/home/jsevans/git/UsenetTutorials/build/.adoc/everything.xml:12310: parser error : PCDATA invalid Char value 27
9
^
/home/jsevans/git/UsenetTutorials/build/.adoc/everything.xml:12312: parser error : PCDATA invalid Char value 27
9     January 13, 1983              - 1 -                      RFC #822
^
/home/jsevans/git/UsenetTutorials/build/.adoc/everything.xml:12375: parser error : PCDATA invalid Char value 27
9
^
/home/jsevans/git/UsenetTutorials/build/.adoc/everything.xml:12377: parser error : PCDATA invalid Char value 27
9     January 13, 1983              - 2 -                      RFC #822
^
/home/jsevans/git/UsenetTutorials/build/.adoc/everything.xml:12506: parser error : PCDATA invalid Char value 27
9
^
/home/jsevans/git/UsenetTutorials/build/.adoc/everything.xml:12508: parser error : PCDATA invalid Char value 27
9     January 13, 1983              - 4 -                      RFC #822
^
/home/jsevans/git/UsenetTutorials/build/.adoc/everything.xml:12703: parser error : PCDATA invalid Char value 27
9
^
/home/jsevans/git/UsenetTutorials/build/.adoc/everything.xml:12705: parser error : PCDATA invalid Char value 27
9     January 13, 1983              - 7 -                      RFC #822
^
/home/jsevans/git/UsenetTutorials/build/.adoc/everything.xml:12768: parser error : PCDATA invalid Char value 27
9
^
/home/jsevans/git/UsenetTutorials/build/.adoc/everything.xml:12770: parser error : PCDATA invalid Char value 27
9     January 13, 1983              - 8 -                      RFC #822
^
/home/jsevans/git/UsenetTutorials/build/.adoc/everything.xml:12833: parser error : PCDATA invalid Char value 27
9
^
/home/jsevans/git/UsenetTutorials/build/.adoc/everything.xml:12835: parser error : PCDATA invalid Char value 27
9     January 13, 1983              - 9 -                      RFC #822
^
/home/jsevans/git/UsenetTutorials/build/.adoc/everything.xml:12898: parser error : PCDATA invalid Char value 27
9
^
/home/jsevans/git/UsenetTutorials/build/.adoc/everything.xml:12900: parser error : PCDATA invalid Char value 27
9     January 13, 1983             - 10 -                      RFC #822
^
/home/jsevans/git/UsenetTutorials/build/.adoc/everything.xml:12963: parser error : PCDATA invalid Char value 27
9
^
/home/jsevans/git/UsenetTutorials/build/.adoc/everything.xml:12965: parser error : PCDATA invalid Char value 27
9     January 13, 1983             - 11 -                      RFC #822
^
/home/jsevans/git/UsenetTutorials/build/.adoc/everything.xml:13094: parser error : PCDATA invalid Char value 27
9
^
/home/jsevans/git/UsenetTutorials/build/.adoc/everything.xml:13096: parser error : PCDATA invalid Char value 27
9     January 13, 1983             - 13 -                      RFC #822
^
/home/jsevans/git/UsenetTutorials/build/.adoc/everything.xml:13159: parser error : PCDATA invalid Char value 27
9
^
/home/jsevans/git/UsenetTutorials/build/.adoc/everything.xml:13161: parser error : PCDATA invalid Char value 27
9     January 13, 1983             - 14 -                      RFC #822
^
/home/jsevans/git/UsenetTutorials/build/.adoc/everything.xml:13290: parser error : PCDATA invalid Char value 27
9
^
/home/jsevans/git/UsenetTutorials/build/.adoc/everything.xml:13292: parser error : PCDATA invalid Char value 27
9     January 13, 1983             - 16 -                      RFC #822
^
/home/jsevans/git/UsenetTutorials/build/.adoc/everything.xml:13355: parser error : PCDATA invalid Char value 27
9
^
/home/jsevans/git/UsenetTutorials/build/.adoc/everything.xml:13357: parser error : PCDATA invalid Char value 27
9     January 13, 1983             - 17 -                      RFC #822
^
/home/jsevans/git/UsenetTutorials/build/.adoc/everything.xml:13420: parser error : PCDATA invalid Char value 27
9
^
/home/jsevans/git/UsenetTutorials/build/.adoc/everything.xml:13422: parser error : PCDATA invalid Char value 27
9     January 13, 1983             - 18 -                      RFC #822
^
/home/jsevans/git/UsenetTutorials/build/.adoc/everything.xml:13551: parser error : PCDATA invalid Char value 27
9
^
/home/jsevans/git/UsenetTutorials/build/.adoc/everything.xml:13553: parser error : PCDATA invalid Char value 27
9     January 13, 1983             - 20 -                      RFC #822
^
/home/jsevans/git/UsenetTutorials/build/.adoc/everything.xml:13682: parser error : PCDATA invalid Char value 27
9
^
/home/jsevans/git/UsenetTutorials/build/.adoc/everything.xml:13684: parser error : PCDATA invalid Char value 27
9     January 13, 1983             - 22 -                      RFC #822
^
/home/jsevans/git/UsenetTutorials/build/.adoc/everything.xml:13747: parser error : PCDATA invalid Char value 27
9
^
/home/jsevans/git/UsenetTutorials/build/.adoc/everything.xml:13749: parser error : PCDATA invalid Char value 27
9     January 13, 1983             - 23 -                      RFC #822
^
/home/jsevans/git/UsenetTutorials/build/.adoc/everything.xml:13878: parser error : PCDATA invalid Char value 27
9
^
/home/jsevans/git/UsenetTutorials/build/.adoc/everything.xml:13880: parser error : PCDATA invalid Char value 27
9     January 13, 1983             - 25 -                      RFC #822
^
/home/jsevans/git/UsenetTutorials/build/.adoc/everything.xml:14273: parser error : PCDATA invalid Char value 27
9
^
/home/jsevans/git/UsenetTutorials/build/.adoc/everything.xml:14275: parser error : PCDATA invalid Char value 27
9     January 13, 1983             - 31 -                      RFC #822
^
/home/jsevans/git/UsenetTutorials/build/.adoc/everything.xml:14404: parser error : PCDATA invalid Char value 27
9
^
/home/jsevans/git/UsenetTutorials/build/.adoc/everything.xml:14406: parser error : PCDATA invalid Char value 27
9     January 13, 1983             - 33 -                      RFC #822
^
/home/jsevans/git/UsenetTutorials/build/.adoc/everything.xml:14535: parser error : PCDATA invalid Char value 27
9
^
/home/jsevans/git/UsenetTutorials/build/.adoc/everything.xml:14537: parser error : PCDATA invalid Char value 27
9     January 13, 1983             - 35 -                      RFC #822
^
/home/jsevans/git/UsenetTutorials/build/.adoc/everything.xml:14732: parser error : PCDATA invalid Char value 27
9
^
/home/jsevans/git/UsenetTutorials/build/.adoc/everything.xml:14734: parser error : PCDATA invalid Char value 27
9     January 13, 1983             - 38 -                      RFC #822
^
/home/jsevans/git/UsenetTutorials/build/.adoc/everything.xml:14797: parser error : PCDATA invalid Char value 27
9
^
/home/jsevans/git/UsenetTutorials/build/.adoc/everything.xml:14799: parser error : PCDATA invalid Char value 27
9     January 13, 1983             - 39 -                      RFC #822
^
/home/jsevans/git/UsenetTutorials/build/.adoc/everything.xml:14862: parser error : PCDATA invalid Char value 27
9
^
/home/jsevans/git/UsenetTutorials/build/.adoc/everything.xml:14864: parser error : PCDATA invalid Char value 27
9     January 13, 1983             - 40 -                      RFC #822
^
/home/jsevans/git/UsenetTutorials/build/.adoc/everything.xml:14927: parser error : PCDATA invalid Char value 27
9
^
/home/jsevans/git/UsenetTutorials/build/.adoc/everything.xml:14929: parser error : PCDATA invalid Char value 27
9     January 13, 1983             - 41 -                      RFC #822
^
/home/jsevans/git/UsenetTutorials/build/.adoc/everything.xml:14992: parser error : PCDATA invalid Char value 27
9
^
/home/jsevans/git/UsenetTutorials/build/.adoc/everything.xml:14994: parser error : PCDATA invalid Char value 27
9     January 13, 1983             - 42 -                      RFC #822
^
/home/jsevans/git/UsenetTutorials/build/.adoc/everything.xml:15057: parser error : PCDATA invalid Char value 27
9
^
/home/jsevans/git/UsenetTutorials/build/.adoc/everything.xml:15059: parser error : PCDATA invalid Char value 27
9     January 13, 1983             - 43 -                      RFC #822
^
/home/jsevans/git/UsenetTutorials/build/.adoc/everything.xml:15122: parser error : PCDATA invalid Char value 27
9
^
/home/jsevans/git/UsenetTutorials/build/.adoc/everything.xml:15124: parser error : PCDATA invalid Char value 27
9     January 13, 1983             - 44 -                      RFC #822
^
/home/jsevans/git/UsenetTutorials/build/.adoc/everything.xml:15187: parser error : PCDATA invalid Char value 27
9
^
/home/jsevans/git/UsenetTutorials/build/.adoc/everything.xml:15189: parser error : PCDATA invalid Char value 27
9     January 13, 1983             - 45 -                      RFC #822
^
/home/jsevans/git/UsenetTutorials/build/.adoc/everything.xml:15252: parser error : PCDATA invalid Char value 27
9
^
/home/jsevans/git/UsenetTutorials/build/.adoc/everything.xml:15254: parser error : PCDATA invalid Char value 27
9     January 13, 1983             - 46 -                      RFC #822
^
/home/jsevans/git/UsenetTutorials/build/.adoc/everything.xml:15317: parser error : PCDATA invalid Char value 27
9
^
/home/jsevans/git/UsenetTutorials/build/.adoc/everything.xml:15319: parser error : PCDATA invalid Char value 27
9     January 13, 1983             - 47 -                      RFC #822
^
/home/jsevans/git/UsenetTutorials/build/.adoc/everything.xml:15382: parser error : PCDATA invalid Char value 27
9
^
/home/jsevans/git/UsenetTutorials/build/.adoc/everything.xml:15384: parser error : PCDATA invalid Char value 27
9
^
/home/jsevans/git/UsenetTutorials/build/.adoc/everything.xml:15513: parser error : PCDATA invalid Char value 27
9
^
/home/jsevans/git/UsenetTutorials/build/.adoc/everything.xml:15515: parser error : PCDATA invalid Char value 27
9     January 13, 1983             - ii -                      RFC #822
^
unable to parse /home/jsevans/git/UsenetTutorials/build/.adoc/everything.xml
/usr/share/daps/make/setfiles.mk:45: *** Fatal error:
ERROR: PCDATA invalid Char value 27, line 12245, column 1 (everything.xml, line 12245)        /home/jsevans/git/UsenetTutorials/build/.adoc/everything.xml:12245:1:FATAL:PARSER:ERR_INVALID_CHAR: PCDATA invalid Char value 27        /home/jsevans/git/UsenetTutorials/build/.adoc/everything.xml:12247:1:FATAL:PARSER:ERR_INVALID_CHAR: PCDATA invalid Char value 27        /home/jsevans/git/UsenetTutorials/build/.adoc/everything.xml:12310:1:FATAL:PARSER:ERR_INVALID_CHAR: PCDATA invalid Char value 27        /home/jsevans/git/UsenetTutorials/build/.adoc/everything.xml:12312:1:FATAL:PARSER:ERR_INVALID_CHAR: PCDATA invalid Char value 27        /home/jsevans/git/UsenetTutorials/build/.adoc/everything.xml:12375:1:FATAL:PARSER:ERR_INVALID_CHAR: PCDATA invalid Char value 27        /home/jsevans/git/UsenetTutorials/build/.adoc/everything.xml:12377:1:FATAL:PARSER:ERR_INVALID_CHAR: PCDATA invalid Char value 27        /home/jsevans/git/UsenetTutorials/build/.adoc/everything.xml:12506:1:FATAL:PARSER:ERR_INVALID_CHAR: PCDATA invalid Char value 27        /home/jsevans/git/UsenetTutorials/build/.adoc/everything.xml:12508:1:FATAL:PARSER:ERR_INVALID_CHAR: PCDATA invalid Char value 27        /home/jsevans/git/UsenetTutorials/build/.adoc/everything.xml:12703:1:FATAL:PARSER:ERR_INVALID_CHAR: PCDATA invalid Char value 27        /home/jsevans/git/UsenetTutorials/build/.adoc/everything.xml:12705:1:FATAL:PARSER:ERR_INVALID_CHAR: PCDATA invalid Char value 27        /home/jsevans/git/UsenetTutorials/build/.adoc/everything.xml:12768:1:FATAL:PARSER:ERR_INVALID_CHAR: PCDATA invalid Char value 27        /home/jsevans/git/UsenetTutorials/build/.adoc/everything.xml:12770:1:FATAL:PARSER:ERR_INVALID_CHAR: PCDATA invalid Char value 27        /home/jsevans/git/UsenetTutorials/build/.adoc/everything.xml:12833:1:FATAL:PARSER:ERR_INVALID_CHAR: PCDATA invalid Char value 27        /home/jsevans/git/UsenetTutorials/build/.adoc/everything.xml:12835:1:FATAL:PARSER:ERR_INVALID_CHAR: PCDATA invalid Char value 27        /home/jsevans/git/UsenetTutorials/build/.adoc/everything.xml:12898:1:FATAL:PARSER:ERR_INVALID_CHAR: PCDATA invalid Char value 27        /home/jsevans/git/UsenetTutorials/build/.adoc/everything.xml:12900:1:FATAL:PARSER:ERR_INVALID_CHAR: PCDATA invalid Char value 27        /home/jsevans/git/UsenetTutorials/build/.adoc/everything.xml:12963:1:FATAL:PARSER:ERR_INVALID_CHAR: PCDATA invalid Char value 27        /home/jsevans/git/UsenetTutorials/build/.adoc/everything.xml:12965:1:FATAL:PARSER:ERR_INVALID_CHAR: PCDATA invalid Char value 27        /home/jsevans/git/UsenetTutorials/build/.adoc/everything.xml:13094:1:FATAL:PARSER:ERR_INVALID_CHAR: PCDATA invalid Char value 27        /home/jsevans/git/UsenetTutorials/build/.adoc/everything.xml:13096:1:FATAL:PARSER:ERR_INVALID_CHAR: PCDATA invalid Char value 27        /home/jsevans/git/UsenetTutorials/build/.adoc/everything.xml:13159:1:FATAL:PARSER:ERR_INVALID_CHAR: PCDATA invalid Char value 27        /home/jsevans/git/UsenetTutorials/build/.adoc/everything.xml:13161:1:FATAL:PARSER:ERR_INVALID_CHAR: PCDATA invalid Char value 27        /home/jsevans/git/UsenetTutorials/build/.adoc/everything.xml:13290:1:FATAL:PARSER:ERR_INVALID_CHAR: PCDATA invalid Char value 27        /home/jsevans/git/UsenetTutorials/build/.adoc/everything.xml:13292:1:FATAL:PARSER:ERR_INVALID_CHAR: PCDATA invalid Char value 27        /home/jsevans/git/UsenetTutorials/build/.adoc/everything.xml:13355:1:FATAL:PARSER:ERR_INVALID_CHAR: PCDATA invalid Char value 27        /home/jsevans/git/UsenetTutorials/build/.adoc/everything.xml:13357:1:FATAL:PARSER:ERR_INVALID_CHAR: PCDATA invalid Char value 27        /home/jsevans/git/UsenetTutorials/build/.adoc/everything.xml:13420:1:FATAL:PARSER:ERR_INVALID_CHAR: PCDATA invalid Char value 27        /home/jsevans/git/UsenetTutorials/build/.adoc/everything.xml:13422:1:FATAL:PARSER:ERR_INVALID_CHAR: PCDATA invalid Char value 27        /home/jsevans/git/UsenetTutorials/build/.adoc/everything.xml:13551:1:FATAL:PARSER:ERR_INVALID_CHAR: PCDATA invalid Char value 27        /home/jsevans/git/UsenetTutorials/build/.adoc/everything.xml:13553:1:FATAL:PARSER:ERR_INVALID_CHAR: PCDATA invalid Char value 27        /home/jsevans/git/UsenetTutorials/build/.adoc/everything.xml:13682:1:FATAL:PARSER:ERR_INVALID_CHAR: PCDATA invalid Char value 27        /home/jsevans/git/UsenetTutorials/build/.adoc/everything.xml:13684:1:FATAL:PARSER:ERR_INVALID_CHAR: PCDATA invalid Char value 27        /home/jsevans/git/UsenetTutorials/build/.adoc/everything.xml:13747:1:FATAL:PARSER:ERR_INVALID_CHAR: PCDATA invalid Char value 27        /home/jsevans/git/UsenetTutorials/build/.adoc/everything.xml:13749:1:FATAL:PARSER:ERR_INVALID_CHAR: PCDATA invalid Char value 27        /home/jsevans/git/UsenetTutorials/build/.adoc/everything.xml:13878:1:FATAL:PARSER:ERR_INVALID_CHAR: PCDATA invalid Char value 27        /home/jsevans/git/UsenetTutorials/build/.adoc/everything.xml:13880:1:FATAL:PARSER:ERR_INVALID_CHAR: PCDATA invalid Char value 27        /home/jsevans/git/UsenetTutorials/build/.adoc/everything.xml:14273:1:FATAL:PARSER:ERR_INVALID_CHAR: PCDATA invalid Char value 27        /home/jsevans/git/UsenetTutorials/build/.adoc/everything.xml:14275:1:FATAL:PARSER:ERR_INVALID_CHAR: PCDATA invalid Char value 27        /home/jsevans/git/UsenetTutorials/build/.adoc/everything.xml:14404:1:FATAL:PARSER:ERR_INVALID_CHAR: PCDATA invalid Char value 27        /home/jsevans/git/UsenetTutorials/build/.adoc/everything.xml:14406:1:FATAL:PARSER:ERR_INVALID_CHAR: PCDATA invalid Char value 27        /home/jsevans/git/UsenetTutorials/build/.adoc/everything.xml:14535:1:FATAL:PARSER:ERR_INVALID_CHAR: PCDATA invalid Char value 27        /home/jsevans/git/UsenetTutorials/build/.adoc/everything.xml:14537:1:FATAL:PARSER:ERR_INVALID_CHAR: PCDATA invalid Char value 27        /home/jsevans/git/UsenetTutorials/build/.adoc/everything.xml:14732:1:FATAL:PARSER:ERR_INVALID_CHAR: PCDATA invalid Char value 27        /home/jsevans/git/UsenetTutorials/build/.adoc/everything.xml:14734:1:FATAL:PARSER:ERR_INVALID_CHAR: PCDATA invalid Char value 27        /home/jsevans/git/UsenetTutorials/build/.adoc/everything.xml:14797:1:FATAL:PARSER:ERR_INVALID_CHAR: PCDATA invalid Char value 27        /home/jsevans/git/UsenetTutorials/build/.adoc/everything.xml:14799:1:FATAL:PARSER:ERR_INVALID_CHAR: PCDATA invalid Char value 27        /home/jsevans/git/UsenetTutorials/build/.adoc/everything.xml:14862:1:FATAL:PARSER:ERR_INVALID_CHAR: PCDATA invalid Char value 27        /home/jsevans/git/UsenetTutorials/build/.adoc/everything.xml:14864:1:FATAL:PARSER:ERR_INVALID_CHAR: PCDATA invalid Char value 27        /home/jsevans/git/UsenetTutorials/build/.adoc/everything.xml:14927:1:FATAL:PARSER:ERR_INVALID_CHAR: PCDATA invalid Char value 27        /home/jsevans/git/UsenetTutorials/build/.adoc/everything.xml:14929:1:FATAL:PARSER:ERR_INVALID_CHAR: PCDATA invalid Char value 27        /home/jsevans/git/UsenetTutorials/build/.adoc/everything.xml:14992:1:FATAL:PARSER:ERR_INVALID_CHAR: PCDATA invalid Char value 27        /home/jsevans/git/UsenetTutorials/build/.adoc/everything.xml:14994:1:FATAL:PARSER:ERR_INVALID_CHAR: PCDATA invalid Char value 27        /home/jsevans/git/UsenetTutorials/build/.adoc/everything.xml:15057:1:FATAL:PARSER:ERR_INVALID_CHAR: PCDATA invalid Char value 27        /home/jsevans/git/UsenetTutorials/build/.adoc/everything.xml:15059:1:FATAL:PARSER:ERR_INVALID_CHAR: PCDATA invalid Char value 27        /home/jsevans/git/UsenetTutorials/build/.adoc/everything.xml:15122:1:FATAL:PARSER:ERR_INVALID_CHAR: PCDATA invalid Char value 27        /home/jsevans/git/UsenetTutorials/build/.adoc/everything.xml:15124:1:FATAL:PARSER:ERR_INVALID_CHAR: PCDATA invalid Char value 27        /home/jsevans/git/UsenetTutorials/build/.adoc/everything.xml:15187:1:FATAL:PARSER:ERR_INVALID_CHAR: PCDATA invalid Char value 27        /home/jsevans/git/UsenetTutorials/build/.adoc/everything.xml:15189:1:FATAL:PARSER:ERR_INVALID_CHAR: PCDATA invalid Char value 27        /home/jsevans/git/UsenetTutorials/build/.adoc/everything.xml:15252:1:FATAL:PARSER:ERR_INVALID_CHAR: PCDATA invalid Char value 27        /home/jsevans/git/UsenetTutorials/build/.adoc/everything.xml:15254:1:FATAL:PARSER:ERR_INVALID_CHAR: PCDATA invalid Char value 27        /home/jsevans/git/UsenetTutorials/build/.adoc/everything.xml:15317:1:FATAL:PARSER:ERR_INVALID_CHAR: PCDATA invalid Char value 27        /home/jsevans/git/UsenetTutorials/build/.adoc/everything.xml:15319:1:FATAL:PARSER:ERR_INVALID_CHAR: PCDATA invalid Char value 27        /home/jsevans/git/UsenetTutorials/build/.adoc/everything.xml:15382:1:FATAL:PARSER:ERR_INVALID_CHAR: PCDATA invalid Char value 27        /home/jsevans/git/UsenetTutorials/build/.adoc/everything.xml:15384:1:FATAL:PARSER:ERR_INVALID_CHAR: PCDATA invalid Char value 27        /home/jsevans/git/UsenetTutorials/build/.adoc/everything.xml:15513:1:FATAL:PARSER:ERR_INVALID_CHAR: PCDATA invalid Char value 27        /home/jsevans/git/UsenetTutorials/build/.adoc/everything.xml:15515:1:FATAL:PARSER:ERR_INVALID_CHAR: PCDATA invalid Char value 27.  Stop.
