Mon 22 Jun 2020 08:38:30 AM CEST
Reading makefiles...
Updating makefiles...
Updating goal targets...
 File 'pdf' does not exist.
   File '/workspace/Cloud/Documents/TLTP/UsenetTutorials/build/Getting_Started_with_Usenet/Getting_Started_with_Usenet_color_en.pdf' does not exist.
     File '/workspace/Cloud/Documents/TLTP/UsenetTutorials/build/.tmp/Getting_Started_with_Usenet-fop_color_en.fo' does not exist.
       File '/workspace/Cloud/Documents/TLTP/UsenetTutorials/build/.profiled/noprofile/Getting_Started_with_Usenet.xml' does not exist.
         File '/workspace/Cloud/Documents/TLTP/UsenetTutorials/build/.profiled/noprofile' does not exist.
        Must remake target '/workspace/Cloud/Documents/TLTP/UsenetTutorials/build/.profiled/noprofile'.
mkdir -p /workspace/Cloud/Documents/TLTP/UsenetTutorials/build/.profiled/noprofile
        Successfully remade target file '/workspace/Cloud/Documents/TLTP/UsenetTutorials/build/.profiled/noprofile'.
      Must remake target '/workspace/Cloud/Documents/TLTP/UsenetTutorials/build/.profiled/noprofile/Getting_Started_with_Usenet.xml'.
/usr/share/daps/libexec/daps-xslt --output /workspace/Cloud/Documents/TLTP/UsenetTutorials/build/.profiled/noprofile/Getting_Started_with_Usenet.xml   \
  --stringparam "filename=Getting_Started_with_Usenet.xml" \
  --stylesheet /usr/share/daps/daps-xslt/asciidoc/postprocess.xsl --file /workspace/Cloud/Documents/TLTP/UsenetTutorials/build/.adoc/Getting_Started_with_Usenet.xml /usr/bin/xsltproc
      Successfully remade target file '/workspace/Cloud/Documents/TLTP/UsenetTutorials/build/.profiled/noprofile/Getting_Started_with_Usenet.xml'.
       File '/workspace/Cloud/Documents/TLTP/UsenetTutorials/build/.profiled/noprofile/.validate' does not exist.
      Must remake target '/workspace/Cloud/Documents/TLTP/UsenetTutorials/build/.profiled/noprofile/.validate'.
/usr/share/daps/libexec/daps-jing  /usr/share/xml/docbook/schema/rng/5.1/docbookxi.rng /workspace/Cloud/Documents/TLTP/UsenetTutorials/build/.profiled/noprofile/Getting_Started_with_Usenet.xml
touch /workspace/Cloud/Documents/TLTP/UsenetTutorials/build/.profiled/noprofile/.validate
      Successfully remade target file '/workspace/Cloud/Documents/TLTP/UsenetTutorials/build/.profiled/noprofile/.validate'.
       File '/workspace/Cloud/Documents/TLTP/UsenetTutorials/build/.tmp' does not exist.
      Must remake target '/workspace/Cloud/Documents/TLTP/UsenetTutorials/build/.tmp'.
mkdir -p /workspace/Cloud/Documents/TLTP/UsenetTutorials/build/.tmp
      Successfully remade target file '/workspace/Cloud/Documents/TLTP/UsenetTutorials/build/.tmp'.
    Must remake target '/workspace/Cloud/Documents/TLTP/UsenetTutorials/build/.tmp/Getting_Started_with_Usenet-fop_color_en.fo'.
/usr/share/daps/libexec/daps-xslt --xinclude --param "show.comments=0" --param "generate.permalink=0" --param "ulink.show=1" --stringparam "draft.mode=no" --stringparam "styleroot=/workspace/Cloud/Documents/TLTP/UsenetTutorials/stylesheets/suse2013-ns/" --param "format.print=0" --stringparam "img.src.path=/workspace/Cloud/Documents/TLTP/UsenetTutorials/build/.images/color/" --param "fop1.extensions=1" --param "xep.extensions=0"   \
      --stringparam "converter.name=DAPS" --stringparam "converter.version=3.0.0" --stringparam "converter.url=https://opensuse.github.io/daps" --stringparam homepage=https://github.com/openSUSE/daps --param variablelist.as.blocks=1  \
     --output /workspace/Cloud/Documents/TLTP/UsenetTutorials/build/.tmp/Getting_Started_with_Usenet-fop_color_en.fo --stylesheet /workspace/Cloud/Documents/TLTP/UsenetTutorials/stylesheets/suse2013-ns/fo/docbook.xsl \
    --file /workspace/Cloud/Documents/TLTP/UsenetTutorials/build/.profiled/noprofile/Getting_Started_with_Usenet.xml /usr/bin/xsltproc  \
    ;
Making portrait pages on A4 paper (210mmx297mm)
    Successfully remade target file '/workspace/Cloud/Documents/TLTP/UsenetTutorials/build/.tmp/Getting_Started_with_Usenet-fop_color_en.fo'.
     File '/workspace/Cloud/Documents/TLTP/UsenetTutorials/build/.tmp/static' does not exist.
    Must remake target '/workspace/Cloud/Documents/TLTP/UsenetTutorials/build/.tmp/static'.
(cd /workspace/Cloud/Documents/TLTP/UsenetTutorials/build/.tmp && ln -sf /workspace/Cloud/Documents/TLTP/UsenetTutorials/stylesheets/suse2013-ns/static)
    Successfully remade target file '/workspace/Cloud/Documents/TLTP/UsenetTutorials/build/.tmp/static'.
  Must remake target '/workspace/Cloud/Documents/TLTP/UsenetTutorials/build/Getting_Started_with_Usenet/Getting_Started_with_Usenet_color_en.pdf'.
(cd /workspace/Cloud/Documents/TLTP/UsenetTutorials/build/.tmp/ && /usr/share/daps/libexec/daps-fop /workspace/Cloud/Documents/TLTP/UsenetTutorials/build/.tmp/Getting_Started_with_Usenet-fop_color_en.fo /workspace/Cloud/Documents/TLTP/UsenetTutorials/build/Getting_Started_with_Usenet/Getting_Started_with_Usenet_color_en.pdf  )
/usr/bin/build-classpath: Could not find excalibur Java extension for this JVM
/usr/bin/build-classpath: error: Some specified jars were not found
  Successfully remade target file '/workspace/Cloud/Documents/TLTP/UsenetTutorials/build/Getting_Started_with_Usenet/Getting_Started_with_Usenet_color_en.pdf'.
   File 'list-images-multisrc' does not exist.
  Must remake target 'list-images-multisrc'.
  Successfully remade target file 'list-images-multisrc'.
   File 'list-images-missing' does not exist.
  Must remake target 'list-images-missing'.
  Successfully remade target file 'list-images-missing'.
Must remake target 'pdf'.
pdfinfo /workspace/Cloud/Documents/TLTP/UsenetTutorials/build/Getting_Started_with_Usenet/Getting_Started_with_Usenet_color_en.pdf > /dev/null 2>&1 || ( ccecho "error" "PDF /workspace/Cloud/Documents/TLTP/UsenetTutorials/build/Getting_Started_with_Usenet/Getting_Started_with_Usenet_color_en.pdf has a size of 0 bytes"; false )
[32mPDF book built with REMARKS=0, DRAFT=no and META=0:[0m
[32m/workspace/Cloud/Documents/TLTP/UsenetTutorials/build/Getting_Started_with_Usenet/Getting_Started_with_Usenet_color_en.pdf[0m
Successfully remade target file 'pdf'.
